<?xml version="1.0" encoding="UTF-8"?>
<!-- Generated by org.testng.reporters.JUnitXMLReporter -->
<testsuite ignored="0" hostname="KRUSHAROVSKA-N" failures="0" tests="9" name="Default test" time="9.079" errors="0" timestamp="2023-06-07T09:41:20 CEST">
  <testcase classname="api.test.DataDrivenTests" name="testPostUser" time="2.009"/>
  <testcase classname="api.test.DataDrivenTests" name="testPostUser" time="0.792"/>
  <testcase classname="api.test.DataDrivenTests" name="testPostUser" time="0.703"/>
  <testcase classname="api.test.DataDrivenTests" name="testGetUser" time="0.794"/>
  <testcase classname="api.test.DataDrivenTests" name="testGetUser" time="0.752"/>
  <testcase classname="api.test.DataDrivenTests" name="testGetUser" time="0.765"/>
  <testcase classname="api.test.DataDrivenTests" name="testDeleteUserByName" time="0.766"/>
  <testcase classname="api.test.DataDrivenTests" name="testDeleteUserByName" time="0.735"/>
  <testcase classname="api.test.DataDrivenTests" name="testDeleteUserByName" time="0.719"/>
</testsuite> <!-- Default test -->
