<?xml version="1.0" encoding="UTF-8"?>
<testng-results ignored="0" total="4" passed="4" failed="0" skipped="0">
  <reporter-output>
  </reporter-output>
  <suite started-at="2023-06-07T15:07:45 CEST" name="PetSuite" finished-at="2023-06-07T15:07:50 CEST" duration-ms="5242">
    <groups>
    </groups>
    <test started-at="2023-06-07T15:07:45 CEST" name="PetTests" finished-at="2023-06-07T15:07:50 CEST" duration-ms="5242">
      <class name="api.test.UserTests2">
        <test-method is-config="true" signature="setup()[pri:0, instance:api.test.UserTests2@5890e879]" started-at="2023-06-07T15:07:45 CEST" name="setup" finished-at="2023-06-07T15:07:45 CEST" duration-ms="254" status="PASS">
          <reporter-output>
          </reporter-output>
        </test-method> <!-- setup -->
        <test-method signature="testPostUser()[pri:1, instance:api.test.UserTests2@5890e879]" started-at="2023-06-07T15:07:45 CEST" name="testPostUser" finished-at="2023-06-07T15:07:47 CEST" duration-ms="1875" status="PASS">
          <reporter-output>
          </reporter-output>
        </test-method> <!-- testPostUser -->
        <test-method signature="testGetUserByName()[pri:2, instance:api.test.UserTests2@5890e879]" started-at="2023-06-07T15:07:47 CEST" name="testGetUserByName" finished-at="2023-06-07T15:07:48 CEST" duration-ms="725" status="PASS">
          <reporter-output>
          </reporter-output>
        </test-method> <!-- testGetUserByName -->
        <test-method signature="testUpdateUserByName()[pri:3, instance:api.test.UserTests2@5890e879]" started-at="2023-06-07T15:07:48 CEST" name="testUpdateUserByName" finished-at="2023-06-07T15:07:49 CEST" duration-ms="1506" status="PASS">
          <reporter-output>
          </reporter-output>
        </test-method> <!-- testUpdateUserByName -->
        <test-method signature="testDeleteUser()[pri:4, instance:api.test.UserTests2@5890e879]" started-at="2023-06-07T15:07:49 CEST" name="testDeleteUser" finished-at="2023-06-07T15:07:50 CEST" duration-ms="698" status="PASS">
          <reporter-output>
          </reporter-output>
        </test-method> <!-- testDeleteUser -->
      </class> <!-- api.test.UserTests2 -->
    </test> <!-- PetTests -->
  </suite> <!-- PetSuite -->
</testng-results>
