<?xml version="1.0" encoding="UTF-8"?>
<!-- Generated by org.testng.reporters.JUnitXMLReporter -->
<testsuite ignored="0" hostname="KRUSHAROVSKA-N" failures="0" tests="4" name="PetTests" time="5.242" errors="0" timestamp="2023-06-07T15:07:50 CEST">
  <testcase classname="api.test.UserTests2" name="testPostUser" time="1.875"/>
  <testcase classname="api.test.UserTests2" name="testGetUserByName" time="0.725"/>
  <testcase classname="api.test.UserTests2" name="testUpdateUserByName" time="1.506"/>
  <testcase classname="api.test.UserTests2" name="testDeleteUser" time="0.698"/>
</testsuite> <!-- PetTests -->
